[2026-01-23 17:02:19.818] [info]                      Setting open at login to true
[2026-01-23 17:02:19.871] [info]                      AppController previousRestorationState {}
[2026-01-23 17:02:19.884] [info]                         App starting with version 7.0.0 (0fcd157) { system: 'linux x64', electron: '37.5.1' }
[2026-01-23 17:02:20.155] [info]                         {
  eventName: 'electron_performance_event',
  eventProperties: {
    performance_event: 'app_launch_to_app_ready',
    duration_ms: 752.109264
  }
}
[2026-01-23 17:02:20.363] [info]                         Activated { options: {} }
[2026-01-23 17:02:20.364] [info]                         Finished rehydrating entire app in foreground { success: false }
[2026-01-23 17:02:20.365] [info]                         {
  eventName: 'electron_new_window',
  eventProperties: {
    desktop_tab_count: 0,
    desktop_window_count: 1,
    desktop_tab_space_count: 0,
    desktop_loaded_tab_count: 0
  }
}
[2026-01-23 17:02:20.402] [warn]                         Window not found
[2026-01-23 17:02:20.429] [info]                         New window created {
  windowId: 'a105d111-017d-4776-a75a-7d03b9abfa37',
  showWhenLoaded: true
}
[2026-01-23 17:02:20.502] [info]                         {
  eventName: 'electron_new_tab',
  eventProperties: {
    desktop_tab_count: 1,
    desktop_window_count: 1,
    desktop_tab_space_count: 0,
    desktop_loaded_tab_count: 1,
    tab_section_id: 'ungrouped',
    is_prewarmed_tab: false,
    is_app_rehydrating: false
  }
}
[2026-01-23 17:02:20.502] [info]                         New Tab Controller {
  id: 'cb300daf-2f12-4645-8ff2-1c05c79400e8',
  initialUrl: 'https://www.notion.so/?loadOrigin=new_tab',
  windowId: 'a105d111-017d-4776-a75a-7d03b9abfa37',
  isAppRehydrating: false,
  tabId: 'cb300daf-2f12-4645-8ff2-1c05c79400e8',
  fromPrewarmTab: false
}
[2026-01-23 17:02:20.602] [info]                         {
  eventName: 'electron_app_lifecycle_event',
  eventProperties: { lifecycle_event: 'app_start', desktop_target_platform: 'windows' }
}
[2026-01-23 17:02:23.644] [info]                         notion:set-user-preference { key: 'isTabUnloadingEnabled', value: true }
[2026-01-23 17:02:23.665] [info]                         notion:set-user-preference { key: 'tabUnloadThreshold', value: 36000000 }
[2026-01-23 17:02:23.702] [info]                         notion:set-user-preference { key: 'shouldUnloadTabsBeforeRefresh', value: false }
[2026-01-23 17:02:23.741] [info]                         notion:set-user-preference { key: 'isPrewarmedTabThrottlingEnabled', value: true }
[2026-01-23 17:02:23.776] [info]                         notion:set-user-preference { key: 'isPrewarmedTabHiddenBehindEnabled', value: false }
[2026-01-23 17:02:23.826] [info]                         notion:set-user-preference { key: 'isStuckTabWatchdogEnabled', value: false }
[2026-01-23 17:02:23.859] [info]                         notion:set-user-preference { key: 'shouldUsePrewarmedTabHeuristic', value: false }
[2026-01-23 17:02:25.615] [info]                         notion:set-user-preference { key: 'isTabUnloadingEnabled', value: true }
[2026-01-23 17:02:25.642] [info]                         notion:set-user-preference { key: 'tabUnloadThreshold', value: 36000000 }
[2026-01-23 17:02:25.666] [info]                         notion:set-user-preference { key: 'shouldUnloadTabsBeforeRefresh', value: false }
[2026-01-23 17:02:25.709] [info]                         notion:set-user-preference { key: 'isPrewarmedTabThrottlingEnabled', value: true }
[2026-01-23 17:02:25.749] [info]                         notion:set-user-preference { key: 'isPrewarmedTabHiddenBehindEnabled', value: false }
[2026-01-23 17:02:25.790] [info]                         notion:set-user-preference { key: 'isStuckTabWatchdogEnabled', value: false }
[2026-01-23 17:02:25.822] [info]                         notion:set-user-preference { key: 'shouldUsePrewarmedTabHeuristic', value: false }
[2026-01-23 17:03:38.243] [info]                         notion:set-user-preference { key: 'isTabUnloadingEnabled', value: false }
[2026-01-23 17:03:39.224] [info]                         AudioController - initialize { intervalMs: 1000, useMicrophoneStatusEmitter: false }
[2026-01-23 17:03:40.109] [info]                         ServerLogger Message {
  os: 'unknown',
  platform: 'electron',
  desktopVersion: '7.0.0',
  desktopCPU: 'Intel(R) Core(TM) i7-5557U CPU @ 3.10GHz',
  desktopRAM: '16G',
  clientEnvironmentData: {
    idbSessionId: 'd219a9f5-4560-4443-866b-9b3f09007296',
    version: '23.13.20260123.2003',
    isElectron: true,
    os: 'windows',
    platform: 'electron',
    userAgent: 'Mozilla/5.0 (X11; Windows x86_64) AppleWebKit/537.36 (KHTML, like Gecko) Notion/7.0.0 Chrome/138.0.7204.251 Electron/37.5.1 Safari/537.36 WantsServiceWorker',
    is_experimental_build: false,
    is_mobile_build: false,
    storageUsageEstimate: 240164,
    storageQuotaEstimate: 470832585252,
    desktopOsVersion: 'Unknown',
    desktopKernelVersion: '6.12.64-1-lts',
    desktopElectronVersion: '37.5.1',
    desktopChromiumVersion: '138.0.7204.251',
    desktopArch: 'x64',
    desktopPlatform: 'linux',
    desktopMachineModelIdentifier: 'Unknown',
    desktopTargetPlatform: 'windows',
    desktopVersion: '7.0.0'
  },
  environment: 'production',
  data: { serviceWorkerV2Version: '23.13.20260123.2003' },
  level: 'info',
  from: 'serviceWorker',
  type: 'serviceWorkerInstall'
}
[2026-01-23 17:03:41.491] [info]                         notion:set-user-preference { key: 'isTabUnloadingEnabled', value: true }
[2026-01-23 17:03:41.509] [info]                         notion:set-user-preference { key: 'tabUnloadThreshold', value: 36000000 }
[2026-01-23 17:03:41.528] [info]                         notion:set-user-preference { key: 'shouldUnloadTabsBeforeRefresh', value: true }
[2026-01-23 17:03:41.541] [info]                         notion:set-user-preference { key: 'isPrewarmedTabThrottlingEnabled', value: true }
[2026-01-23 17:03:41.556] [info]                         notion:set-user-preference { key: 'isPrewarmedTabHiddenBehindEnabled', value: false }
[2026-01-23 17:03:41.570] [info]                         notion:set-user-preference { key: 'isStuckTabWatchdogEnabled', value: false }
[2026-01-23 17:03:41.593] [info]                         notion:set-user-preference { key: 'shouldUsePrewarmedTabHeuristic', value: true }
[2026-01-23 17:03:42.522] [info]                         notion:set-user-preference { key: 'isTabUnloadingEnabled', value: true }
[2026-01-23 17:03:42.541] [info]                         notion:set-user-preference { key: 'tabUnloadThreshold', value: 36000000 }
[2026-01-23 17:03:42.571] [info]                         notion:set-user-preference { key: 'shouldUnloadTabsBeforeRefresh', value: true }
[2026-01-23 17:03:42.593] [info]                         notion:set-user-preference { key: 'isPrewarmedTabThrottlingEnabled', value: true }
[2026-01-23 17:03:42.612] [info]                         notion:set-user-preference { key: 'isPrewarmedTabHiddenBehindEnabled', value: false }
[2026-01-23 17:03:42.640] [info]                         notion:set-user-preference { key: 'isStuckTabWatchdogEnabled', value: false }
[2026-01-23 17:03:42.656] [info]                         notion:set-user-preference { key: 'shouldUsePrewarmedTabHeuristic', value: true }
[2026-01-23 17:03:45.634] [info]                         AudioController - initialize { intervalMs: 1000, useMicrophoneStatusEmitter: false }
[2026-01-23 17:05:13.219] [info]                         ServerLoggerForOffline Message {
  os: 'unknown',
  platform: 'electron',
  desktopVersion: '7.0.0',
  desktopCPU: 'Intel(R) Core(TM) i7-5557U CPU @ 3.10GHz',
  desktopRAM: '16G',
  clientEnvironmentData: {
    idbSessionId: '89f2fd02-2d85-46b2-8a7a-6d966ccd480e',
    isPersistent: true,
    version: '23.13.20260123.2003',
    isElectron: true,
    os: 'windows',
    platform: 'electron',
    userAgent: 'Mozilla/5.0 (X11; Windows x86_64) AppleWebKit/537.36 (KHTML, like Gecko) Notion/7.0.0 Chrome/138.0.7204.251 Electron/37.5.1 Safari/537.36 WantsServiceWorker',
    referrer: 'https://www.notion.so/blank?tabCount=0',
    userId: '188d872b-594c-814b-969c-0002ca790591',
    is_experimental_build: false,
    is_mobile_build: false,
    storageUsageEstimate: 422036960,
    storageQuotaEstimate: 470786655712,
    desktopOsVersion: 'Unknown',
    desktopKernelVersion: '6.12.64-1-lts',
    desktopElectronVersion: '37.5.1',
    desktopChromiumVersion: '138.0.7204.251',
    desktopArch: 'x64',
    desktopPlatform: 'linux',
    desktopMachineModelIdentifier: 'Unknown',
    desktopTargetPlatform: 'windows',
    desktopVersion: '7.0.0'
  },
  environment: 'production',
  data: {
    miscDataString: '{"isOnline":true,"hasCurrentSpaceStore":false,"hasCurrentSpaceViewStore":false,"hasCurrentUserRootStore":true,"hasCurrentUserSettingsStore":true,"documentVisibilityState":"hidden","isOnPublicPage":false,"isOnPublicShareLinkPage":false}'
  },
  level: 'error',
  from: 'SidebarContentContainer',
  type: 'sidebarLoadingTimeout',
  error: { message: 'Sidebar took longer than 90 seconds to load.' }
}
[2026-01-23 17:07:20.093] [info]                         ServerLoggerForOffline Message {
  level: 'info',
  from: 'serverLoggerForOffline.ts',
  type: 'splunkSendSuccess'
}
[2026-01-23 17:08:18.886] [info]                         Preventing closure for window with id 1, hiding
[2026-01-23 17:13:43.180] [info]  (AppStatePersister) Successfully read and validated PersistedAppState from disk
[2026-01-23 17:13:43.185] [info]  (AppStatePersister) Successfully read and validated HistoryState from disk
[2026-01-23 17:13:43.187] [info]  (AppStatePersister) Successfully read and validated PersistedAppState from disk
[2026-01-23 17:13:43.188] [info]  (AppStatePersister) Successfully read and validated HistoryState from disk
[2026-01-23 17:13:43.190] [info]  (AppStatePersister) Successfully read and validated PersistedAppState from disk
[2026-01-23 17:13:43.190] [info]  (AppStatePersister) Successfully read and validated HistoryState from disk
[2026-01-23 17:13:43.191] [info]  (AppStatePersister) Successfully read and validated PersistedAppState from disk
[2026-01-23 17:13:43.191] [info]  (AppStatePersister) Successfully read and validated HistoryState from disk
[2026-01-23 17:13:43.192] [info]  (AppStatePersister) Successfully read and validated PersistedAppState from disk
[2026-01-23 17:13:43.193] [info]  (AppStatePersister) Successfully read and validated HistoryState from disk
[2026-01-23 17:13:43.241] [info]                      AppController previousRestorationState {
  previousRestorationState: {
    windows: [
      {
        windowId: 'a105d111-017d-4776-a75a-7d03b9abfa37',
        focusOrder: 24,
        displayState: {
          normalBounds: { x: 5, y: 85, width: 2170, height: 1460 },
          displayBounds: [ [Object] ],
          isFullScreen: false,
          isHtmlFullScreen: false,
          isMaximized: false
        },
        activeTabIdMap: { ungrouped: 'cb300daf-2f12-4645-8ff2-1c05c79400e8' },
        activeTabSectionId: 'ungrouped',
        tabs: [
          {
            tabId: 'cb300daf-2f12-4645-8ff2-1c05c79400e8',
            url: 'https://www.notion.so/Irin-Obsevability-2ea072b65260807fae2dea67749cfdd5',
            title: '🚀 Irin Obsevability:',
            index: 0,
            appStoreState: [Object]
          }
        ]
      }
    ],
    tabSpaces: []
  }
}
[2026-01-23 17:13:43.258] [info]  (AppStatePersister)    Successfully read and validated PersistedAppState from disk
[2026-01-23 17:13:43.258] [info]  (AppStatePersister)    Successfully read and validated HistoryState from disk
[2026-01-23 17:13:43.260] [info]                         Activated { options: { forceNewWindow: true } }
[2026-01-23 17:13:43.261] [info]                         Finished rehydrating entire app in foreground { success: false }
[2026-01-23 17:13:43.264] [info]                         App starting with version 7.0.0 (0fcd157) { system: 'linux x64', electron: '37.5.1' }
[2026-01-23 17:13:43.485] [info]                         {
  eventName: 'electron_performance_event',
  eventProperties: {
    performance_event: 'app_launch_to_app_ready',
    duration_ms: 727.447615
  }
}
[2026-01-23 17:16:47.360] [info]  (AppStatePersister) Successfully read and validated PersistedAppState from disk
[2026-01-23 17:16:47.365] [info]  (AppStatePersister) Successfully read and validated HistoryState from disk
[2026-01-23 17:16:47.367] [info]  (AppStatePersister) Successfully read and validated PersistedAppState from disk
[2026-01-23 17:16:47.368] [info]  (AppStatePersister) Successfully read and validated HistoryState from disk
[2026-01-23 17:16:47.370] [info]  (AppStatePersister) Successfully read and validated PersistedAppState from disk
[2026-01-23 17:16:47.371] [info]  (AppStatePersister) Successfully read and validated HistoryState from disk
[2026-01-23 17:16:47.372] [info]  (AppStatePersister) Successfully read and validated PersistedAppState from disk
[2026-01-23 17:16:47.372] [info]  (AppStatePersister) Successfully read and validated HistoryState from disk
[2026-01-23 17:16:47.373] [info]  (AppStatePersister) Successfully read and validated PersistedAppState from disk
[2026-01-23 17:16:47.374] [info]  (AppStatePersister) Successfully read and validated HistoryState from disk
[2026-01-23 17:16:47.421] [info]                      AppController previousRestorationState {
  previousRestorationState: {
    windows: [
      {
        windowId: 'a105d111-017d-4776-a75a-7d03b9abfa37',
        focusOrder: 35,
        displayState: {
          normalBounds: { x: 5, y: 85, width: 2170, height: 1460 },
          displayBounds: [ [Object] ],
          isFullScreen: false,
          isHtmlFullScreen: false,
          isMaximized: false
        },
        activeTabIdMap: { ungrouped: 'cb300daf-2f12-4645-8ff2-1c05c79400e8' },
        activeTabSectionId: 'ungrouped',
        tabs: [
          {
            tabId: 'cb300daf-2f12-4645-8ff2-1c05c79400e8',
            url: 'https://www.notion.so/Irin-Obsevability-2ea072b65260807fae2dea67749cfdd5',
            title: '🚀 Irin Obsevability:',
            index: 0,
            appStoreState: [Object]
          }
        ]
      }
    ],
    tabSpaces: []
  }
}
[2026-01-23 17:16:47.437] [info]  (AppStatePersister)    Successfully read and validated PersistedAppState from disk
[2026-01-23 17:16:47.437] [info]  (AppStatePersister)    Successfully read and validated HistoryState from disk
[2026-01-23 17:16:47.438] [info]                         Activated { options: { forceNewWindow: true } }
[2026-01-23 17:16:47.439] [info]                         Finished rehydrating entire app in foreground { success: false }
[2026-01-23 17:16:47.441] [info]                         App starting with version 7.0.0 (0fcd157) { system: 'linux x64', electron: '37.5.1' }
[2026-01-23 17:16:47.523] [info]                         {
  eventName: 'electron_performance_event',
  eventProperties: {
    performance_event: 'app_launch_to_app_ready',
    duration_ms: 580.406169
  }
}
[2026-01-23 17:17:57.999] [info]  (AppStatePersister) Successfully read and validated PersistedAppState from disk
[2026-01-23 17:17:58.004] [info]  (AppStatePersister) Successfully read and validated HistoryState from disk
[2026-01-23 17:17:58.006] [info]  (AppStatePersister) Successfully read and validated PersistedAppState from disk
[2026-01-23 17:17:58.007] [info]  (AppStatePersister) Successfully read and validated HistoryState from disk
[2026-01-23 17:17:58.009] [info]  (AppStatePersister) Successfully read and validated PersistedAppState from disk
[2026-01-23 17:17:58.009] [info]  (AppStatePersister) Successfully read and validated HistoryState from disk
[2026-01-23 17:17:58.010] [info]  (AppStatePersister) Successfully read and validated PersistedAppState from disk
[2026-01-23 17:17:58.010] [info]  (AppStatePersister) Successfully read and validated HistoryState from disk
[2026-01-23 17:17:58.011] [info]  (AppStatePersister) Successfully read and validated PersistedAppState from disk
[2026-01-23 17:17:58.012] [info]  (AppStatePersister) Successfully read and validated HistoryState from disk
[2026-01-23 17:17:58.058] [info]                      AppController previousRestorationState {
  previousRestorationState: {
    windows: [
      {
        windowId: 'a105d111-017d-4776-a75a-7d03b9abfa37',
        focusOrder: 39,
        displayState: {
          normalBounds: { x: 5, y: 65, width: 2170, height: 840 },
          displayBounds: [ [Object] ],
          isFullScreen: false,
          isHtmlFullScreen: false,
          isMaximized: false
        },
        activeTabIdMap: { ungrouped: 'cb300daf-2f12-4645-8ff2-1c05c79400e8' },
        activeTabSectionId: 'ungrouped',
        tabs: [
          {
            tabId: 'cb300daf-2f12-4645-8ff2-1c05c79400e8',
            url: 'https://www.notion.so/Irin-Obsevability-2ea072b65260807fae2dea67749cfdd5',
            title: '🚀 Irin Obsevability:',
            index: 0,
            appStoreState: [Object]
          }
        ]
      }
    ],
    tabSpaces: []
  }
}
[2026-01-23 17:17:58.075] [info]  (AppStatePersister)    Successfully read and validated PersistedAppState from disk
[2026-01-23 17:17:58.075] [info]  (AppStatePersister)    Successfully read and validated HistoryState from disk
[2026-01-23 17:17:58.076] [info]                         Activated { options: { forceNewWindow: true } }
[2026-01-23 17:17:58.077] [info]                         Finished rehydrating entire app in foreground { success: false }
[2026-01-23 17:17:58.078] [info]                         App starting with version 7.0.0 (0fcd157) { system: 'linux x64', electron: '37.5.1' }
[2026-01-23 17:17:58.157] [info]                         {
  eventName: 'electron_performance_event',
  eventProperties: {
    performance_event: 'app_launch_to_app_ready',
    duration_ms: 574.283157
  }
}
[2026-01-23 17:18:34.630] [info]                         Preventing closure for window with id 1, hiding
[2026-01-23 17:20:24.075] [info]  (AppStatePersister) Successfully read and validated PersistedAppState from disk
[2026-01-23 17:20:24.080] [info]  (AppStatePersister) Successfully read and validated HistoryState from disk
[2026-01-23 17:20:24.083] [info]  (AppStatePersister) Successfully read and validated PersistedAppState from disk
[2026-01-23 17:20:24.083] [info]  (AppStatePersister) Successfully read and validated HistoryState from disk
[2026-01-23 17:20:24.085] [info]  (AppStatePersister) Successfully read and validated PersistedAppState from disk
[2026-01-23 17:20:24.085] [info]  (AppStatePersister) Successfully read and validated HistoryState from disk
[2026-01-23 17:20:24.086] [info]  (AppStatePersister) Successfully read and validated PersistedAppState from disk
[2026-01-23 17:20:24.087] [info]  (AppStatePersister) Successfully read and validated HistoryState from disk
[2026-01-23 17:20:24.087] [info]  (AppStatePersister) Successfully read and validated PersistedAppState from disk
[2026-01-23 17:20:24.088] [info]  (AppStatePersister) Successfully read and validated HistoryState from disk
[2026-01-23 17:20:24.142] [info]                      AppController previousRestorationState {
  previousRestorationState: {
    windows: [
      {
        windowId: 'a105d111-017d-4776-a75a-7d03b9abfa37',
        focusOrder: 41,
        displayState: {
          normalBounds: { x: 5, y: 65, width: 2170, height: 840 },
          displayBounds: [ [Object] ],
          isFullScreen: false,
          isHtmlFullScreen: false,
          isMaximized: false
        },
        activeTabIdMap: { ungrouped: 'cb300daf-2f12-4645-8ff2-1c05c79400e8' },
        activeTabSectionId: 'ungrouped',
        tabs: [
          {
            tabId: 'cb300daf-2f12-4645-8ff2-1c05c79400e8',
            url: 'https://www.notion.so/Irin-Obsevability-2ea072b65260807fae2dea67749cfdd5',
            title: '🚀 Irin Obsevability:',
            index: 0,
            appStoreState: [Object]
          }
        ]
      }
    ],
    tabSpaces: []
  }
}
[2026-01-23 17:20:24.161] [info]  (AppStatePersister)    Successfully read and validated PersistedAppState from disk
[2026-01-23 17:20:24.161] [info]  (AppStatePersister)    Successfully read and validated HistoryState from disk
[2026-01-23 17:20:24.162] [info]                         Activated { options: { forceNewWindow: true } }
[2026-01-23 17:20:24.163] [info]                         Finished rehydrating entire app in foreground { success: false }
[2026-01-23 17:20:24.169] [info]                         App starting with version 7.0.0 (0fcd157) { system: 'linux x64', electron: '37.5.1' }
[2026-01-23 17:20:24.407] [info]                         {
  eventName: 'electron_performance_event',
  eventProperties: {
    performance_event: 'app_launch_to_app_ready',
    duration_ms: 731.03326
  }
}
[2026-01-23 17:30:08.519] [info]                         Preventing closure for window with id 1, hiding
[2026-01-23 17:31:51.489] [info]  (AppStatePersister) Successfully read and validated PersistedAppState from disk
[2026-01-23 17:31:51.493] [info]  (AppStatePersister) Successfully read and validated HistoryState from disk
[2026-01-23 17:31:51.495] [info]  (AppStatePersister) Successfully read and validated PersistedAppState from disk
[2026-01-23 17:31:51.495] [info]  (AppStatePersister) Successfully read and validated HistoryState from disk
[2026-01-23 17:31:51.497] [info]  (AppStatePersister) Successfully read and validated PersistedAppState from disk
[2026-01-23 17:31:51.497] [info]  (AppStatePersister) Successfully read and validated HistoryState from disk
[2026-01-23 17:31:51.498] [info]  (AppStatePersister) Successfully read and validated PersistedAppState from disk
[2026-01-23 17:31:51.499] [info]  (AppStatePersister) Successfully read and validated HistoryState from disk
[2026-01-23 17:31:51.499] [info]  (AppStatePersister) Successfully read and validated PersistedAppState from disk
[2026-01-23 17:31:51.500] [info]  (AppStatePersister) Successfully read and validated HistoryState from disk
[2026-01-23 17:31:51.545] [info]                      AppController previousRestorationState {
  previousRestorationState: {
    windows: [
      {
        windowId: 'a105d111-017d-4776-a75a-7d03b9abfa37',
        focusOrder: 51,
        displayState: {
          normalBounds: { x: 17, y: 57, width: 2066, height: 1536 },
          displayBounds: [ [Object] ],
          isFullScreen: false,
          isHtmlFullScreen: false,
          isMaximized: false
        },
        activeTabIdMap: { ungrouped: 'cb300daf-2f12-4645-8ff2-1c05c79400e8' },
        activeTabSectionId: 'ungrouped',
        tabs: [
          {
            tabId: 'cb300daf-2f12-4645-8ff2-1c05c79400e8',
            url: 'https://www.notion.so/Irin-Obsevability-2ea072b65260807fae2dea67749cfdd5',
            title: '🚀 Irin Obsevability:',
            index: 0,
            appStoreState: [Object]
          }
        ]
      }
    ],
    tabSpaces: []
  }
}
[2026-01-23 17:31:51.560] [info]  (AppStatePersister)    Successfully read and validated PersistedAppState from disk
[2026-01-23 17:31:51.560] [info]  (AppStatePersister)    Successfully read and validated HistoryState from disk
[2026-01-23 17:31:51.561] [info]                         Activated { options: { forceNewWindow: true } }
[2026-01-23 17:31:51.561] [info]                         Finished rehydrating entire app in foreground { success: false }
[2026-01-23 17:31:51.564] [info]                         App starting with version 7.0.0 (0fcd157) { system: 'linux x64', electron: '37.5.1' }
[2026-01-23 17:31:51.765] [info]                         {
  eventName: 'electron_performance_event',
  eventProperties: {
    performance_event: 'app_launch_to_app_ready',
    duration_ms: 699.108351
  }
}
[2026-01-23 17:32:05.043] [info]  (AppStatePersister) Successfully read and validated PersistedAppState from disk
[2026-01-23 17:32:05.047] [info]  (AppStatePersister) Successfully read and validated HistoryState from disk
[2026-01-23 17:32:05.049] [info]  (AppStatePersister) Successfully read and validated PersistedAppState from disk
[2026-01-23 17:32:05.050] [info]  (AppStatePersister) Successfully read and validated HistoryState from disk
[2026-01-23 17:32:05.052] [info]  (AppStatePersister) Successfully read and validated PersistedAppState from disk
[2026-01-23 17:32:05.054] [info]  (AppStatePersister) Successfully read and validated HistoryState from disk
[2026-01-23 17:32:05.056] [info]  (AppStatePersister) Successfully read and validated PersistedAppState from disk
[2026-01-23 17:32:05.057] [info]  (AppStatePersister) Successfully read and validated HistoryState from disk
[2026-01-23 17:32:05.059] [info]  (AppStatePersister) Successfully read and validated PersistedAppState from disk
[2026-01-23 17:32:05.060] [info]  (AppStatePersister) Successfully read and validated HistoryState from disk
[2026-01-23 17:32:05.108] [info]                      AppController previousRestorationState {
  previousRestorationState: {
    windows: [
      {
        windowId: 'a105d111-017d-4776-a75a-7d03b9abfa37',
        focusOrder: 52,
        displayState: {
          normalBounds: { x: 17, y: 57, width: 2066, height: 1536 },
          displayBounds: [ [Object] ],
          isFullScreen: false,
          isHtmlFullScreen: false,
          isMaximized: false
        },
        activeTabIdMap: { ungrouped: 'cb300daf-2f12-4645-8ff2-1c05c79400e8' },
        activeTabSectionId: 'ungrouped',
        tabs: [
          {
            tabId: 'cb300daf-2f12-4645-8ff2-1c05c79400e8',
            url: 'https://www.notion.so/Irin-Obsevability-2ea072b65260807fae2dea67749cfdd5',
            title: '🚀 Irin Obsevability:',
            index: 0,
            appStoreState: [Object]
          }
        ]
      }
    ],
    tabSpaces: []
  }
}
[2026-01-23 17:32:05.123] [info]  (AppStatePersister)    Successfully read and validated PersistedAppState from disk
[2026-01-23 17:32:05.123] [info]  (AppStatePersister)    Successfully read and validated HistoryState from disk
[2026-01-23 17:32:05.124] [info]                         Activated { options: { forceNewWindow: true } }
[2026-01-23 17:32:05.125] [info]                         Finished rehydrating entire app in foreground { success: false }
[2026-01-23 17:32:05.128] [info]                         App starting with version 7.0.0 (0fcd157) { system: 'linux x64', electron: '37.5.1' }
[2026-01-23 17:32:05.213] [info]                         {
  eventName: 'electron_performance_event',
  eventProperties: {
    performance_event: 'app_launch_to_app_ready',
    duration_ms: 627.980714
  }
}
[2026-01-23 17:32:19.752] [info]  (AppStatePersister) Successfully read and validated PersistedAppState from disk
[2026-01-23 17:32:19.756] [info]  (AppStatePersister) Successfully read and validated HistoryState from disk
[2026-01-23 17:32:19.757] [info]  (AppStatePersister) Successfully read and validated PersistedAppState from disk
[2026-01-23 17:32:19.758] [info]  (AppStatePersister) Successfully read and validated HistoryState from disk
[2026-01-23 17:32:19.759] [info]  (AppStatePersister) Successfully read and validated PersistedAppState from disk
[2026-01-23 17:32:19.760] [info]  (AppStatePersister) Successfully read and validated HistoryState from disk
[2026-01-23 17:32:19.760] [info]  (AppStatePersister) Successfully read and validated PersistedAppState from disk
[2026-01-23 17:32:19.761] [info]  (AppStatePersister) Successfully read and validated HistoryState from disk
[2026-01-23 17:32:19.761] [info]  (AppStatePersister) Successfully read and validated PersistedAppState from disk
[2026-01-23 17:32:19.762] [info]  (AppStatePersister) Successfully read and validated HistoryState from disk
[2026-01-23 17:32:19.813] [info]                      AppController previousRestorationState {
  previousRestorationState: {
    windows: [
      {
        windowId: 'a105d111-017d-4776-a75a-7d03b9abfa37',
        focusOrder: 52,
        displayState: {
          normalBounds: { x: 17, y: 57, width: 2066, height: 1536 },
          displayBounds: [ [Object] ],
          isFullScreen: false,
          isHtmlFullScreen: false,
          isMaximized: false
        },
        activeTabIdMap: { ungrouped: 'cb300daf-2f12-4645-8ff2-1c05c79400e8' },
        activeTabSectionId: 'ungrouped',
        tabs: [
          {
            tabId: 'cb300daf-2f12-4645-8ff2-1c05c79400e8',
            url: 'https://www.notion.so/Irin-Obsevability-2ea072b65260807fae2dea67749cfdd5',
            title: '🚀 Irin Obsevability:',
            index: 0,
            appStoreState: [Object]
          }
        ]
      }
    ],
    tabSpaces: []
  }
}
[2026-01-23 17:32:19.827] [info]  (AppStatePersister)    Successfully read and validated PersistedAppState from disk
[2026-01-23 17:32:19.828] [info]  (AppStatePersister)    Successfully read and validated HistoryState from disk
[2026-01-23 17:32:19.828] [info]                         Activated { options: { forceNewWindow: true } }
[2026-01-23 17:32:19.829] [info]                         Finished rehydrating entire app in foreground { success: false }
[2026-01-23 17:32:19.830] [info]                         App starting with version 7.0.0 (0fcd157) { system: 'linux x64', electron: '37.5.1' }
[2026-01-23 17:32:19.905] [info]                         {
  eventName: 'electron_performance_event',
  eventProperties: {
    performance_event: 'app_launch_to_app_ready',
    duration_ms: 577.814093
  }
}
[2026-01-23 17:33:14.082] [info]  (AppStatePersister) Successfully read and validated PersistedAppState from disk
[2026-01-23 17:33:14.086] [info]  (AppStatePersister) Successfully read and validated HistoryState from disk
[2026-01-23 17:33:14.088] [info]  (AppStatePersister) Successfully read and validated PersistedAppState from disk
[2026-01-23 17:33:14.089] [info]  (AppStatePersister) Successfully read and validated HistoryState from disk
[2026-01-23 17:33:14.090] [info]  (AppStatePersister) Successfully read and validated PersistedAppState from disk
[2026-01-23 17:33:14.091] [info]  (AppStatePersister) Successfully read and validated HistoryState from disk
[2026-01-23 17:33:14.091] [info]  (AppStatePersister) Successfully read and validated PersistedAppState from disk
[2026-01-23 17:33:14.092] [info]  (AppStatePersister) Successfully read and validated HistoryState from disk
[2026-01-23 17:33:14.092] [info]  (AppStatePersister) Successfully read and validated PersistedAppState from disk
[2026-01-23 17:33:14.093] [info]  (AppStatePersister) Successfully read and validated HistoryState from disk
[2026-01-23 17:33:14.138] [info]                      AppController previousRestorationState {
  previousRestorationState: {
    windows: [
      {
        windowId: 'a105d111-017d-4776-a75a-7d03b9abfa37',
        focusOrder: 56,
        displayState: {
          normalBounds: { x: 247, y: 47, width: 2066, height: 1536 },
          displayBounds: [ [Object] ],
          isFullScreen: false,
          isHtmlFullScreen: false,
          isMaximized: false
        },
        activeTabIdMap: { ungrouped: 'cb300daf-2f12-4645-8ff2-1c05c79400e8' },
        activeTabSectionId: 'ungrouped',
        tabs: [
          {
            tabId: 'cb300daf-2f12-4645-8ff2-1c05c79400e8',
            url: 'https://www.notion.so/Irin-Obsevability-2ea072b65260807fae2dea67749cfdd5',
            title: '🚀 Irin Obsevability:',
            index: 0,
            appStoreState: [Object]
          }
        ]
      }
    ],
    tabSpaces: []
  }
}
[2026-01-23 17:33:14.152] [info]  (AppStatePersister)    Successfully read and validated PersistedAppState from disk
[2026-01-23 17:33:14.152] [info]  (AppStatePersister)    Successfully read and validated HistoryState from disk
[2026-01-23 17:33:14.153] [info]                         Activated { options: { forceNewWindow: true } }
[2026-01-23 17:33:14.153] [info]                         Finished rehydrating entire app in foreground { success: false }
[2026-01-23 17:33:14.154] [info]                         App starting with version 7.0.0 (0fcd157) { system: 'linux x64', electron: '37.5.1' }
[2026-01-23 17:33:14.234] [info]                         {
  eventName: 'electron_performance_event',
  eventProperties: {
    performance_event: 'app_launch_to_app_ready',
    duration_ms: 604.247963
  }
}
